<?xml version="1.0" encoding="UTF-8"?>
<!-- Generated by org.testng.reporters.JUnitReportReporter -->
<testsuite hostname="EC2AMAZ-3OE01P4" failures="0" tests="1" name="mut.my_mult" time="1450.181" errors="0" timestamp="2023-03-18T16:21:20 UTC" skipped="0">
  <testcase classname="mut.my_mult" name="web" time="1450.181"/>
  <system-out/>
</testsuite> <!-- mut.my_mult -->
